IQ-TREE multicore version 1.6.12 for Mac OS X 64-bit built Aug 15 2019
Developed by Bui Quang Minh, Nguyen Lam Tung, Olga Chernomor,
Heiko Schmidt, Dominik Schrempf, Michael Woodhams.

Host:    Tylers-MBP-2.socal.rr.com (SSE4.2, 16 GB RAM)
Command: ./iqtree -s .temp.fasta -m MFP+ -redo
Seed:    241900 (Using SPRNG - Scalable Parallel Random Number Generator)
Time:    Wed Dec 15 16:54:09 2021
Kernel:  SSE2 - 1 threads (10 CPU cores detected)

HINT: Use -nt option to specify number of threads because your CPU has 10 cores!
HINT: -nt AUTO will automatically determine the best number of threads to use.

Reading alignment file .temp.fasta ... Fasta format detected
Alignment most likely contains DNA/RNA sequences
Alignment has 60 sequences with 1000 columns, 156 distinct patterns
48 parsimony-informative, 118 singleton sites, 834 constant sites
         Gap/Ambiguity  Composition  p-value
   1  pop2_19    0.00%    passed     99.76%
   2  pop2_18    0.00%    passed     99.20%
   3  pop2_17    0.00%    passed     99.83%
   4  pop2_16    0.00%    passed     98.16%
   5  pop2_15    0.00%    passed     99.78%
   6  pop2_14    0.00%    passed     99.87%
   7  pop2_13    0.00%    passed     99.96%
   8  pop2_12    0.00%    passed     99.84%
   9  pop2_11    0.00%    passed     99.70%
  10  pop2_10    0.00%    passed     99.98%
  11  pop2_9     0.00%    passed     99.63%
  12  pop2_8     0.00%    passed     99.68%
  13  pop2_7     0.00%    passed     99.92%
  14  pop2_6     0.00%    passed     99.88%
  15  pop2_5     0.00%    passed     99.69%
  16  pop2_4     0.00%    passed     99.85%
  17  pop2_3     0.00%    passed     99.80%
  18  pop2_2     0.00%    passed     99.69%
  19  pop2_1     0.00%    passed     99.88%
  20  pop2_0     0.00%    passed     99.61%
  21  pop1_19    0.00%    passed     99.63%
  22  pop1_18    0.00%    passed     99.85%
  23  pop1_17    0.00%    passed     99.58%
  24  pop1_16    0.00%    passed     99.97%
  25  pop1_15    0.00%    passed     99.96%
  26  pop1_14    0.00%    passed     99.55%
  27  pop1_13    0.00%    passed     99.82%
  28  pop1_12    0.00%    passed     99.90%
  29  pop1_11    0.00%    passed     99.95%
  30  pop1_10    0.00%    passed     99.10%
  31  pop1_9     0.00%    passed     99.07%
  32  pop1_8     0.00%    passed     99.19%
  33  pop1_7     0.00%    passed     99.24%
  34  pop1_6     0.00%    passed     98.38%
  35  pop1_5     0.00%    passed     99.78%
  36  pop1_4     0.00%    passed     99.35%
  37  pop1_3     0.00%    passed     99.23%
  38  pop1_2     0.00%    passed     99.31%
  39  pop1_1     0.00%    passed     99.03%
  40  pop1_0     0.00%    passed     99.23%
  41  pop0_19    0.00%    passed     99.84%
  42  pop0_18    0.00%    passed     99.90%
  43  pop0_17    0.00%    passed     99.97%
  44  pop0_16    0.00%    passed     99.86%
  45  pop0_15    0.00%    passed     99.60%
  46  pop0_14    0.00%    passed     99.84%
  47  pop0_13    0.00%    passed     99.61%
  48  pop0_12    0.00%    passed     99.73%
  49  pop0_11    0.00%    passed     99.87%
  50  pop0_10    0.00%    passed     99.99%
  51  pop0_9     0.00%    passed     99.90%
  52  pop0_8     0.00%    passed     99.95%
  53  pop0_7     0.00%    passed     99.95%
  54  pop0_6     0.00%    passed     99.25%
  55  pop0_5     0.00%    passed     99.70%
  56  pop0_4     0.00%    passed     99.26%
  57  pop0_3     0.00%    passed     99.97%
  58  pop0_2     0.00%    passed     98.80%
  59  pop0_1     0.00%    passed     99.70%
  60  pop0_0     0.00%    passed     98.75%
****  TOTAL      0.00%  0 sequences failed composition chi2 test (p-value<5%; df=3)
NOTE: pop0_1 is identical to pop0_5 but kept for subsequent analysis

NOTE: Restoring information from model checkpoint file .temp.fasta.model.gz

CHECKPOINT: Initial tree restored
NOTE: ModelFinder requires 3 MB RAM!
ModelFinder will test 286 DNA models (sample size: 1000) ...
 No. Model         -LnL         df  AIC          AICc         BIC
  1  JC            3746.720     117 7727.440     7758.747     8301.648
  2  JC+I          3746.720     118 7729.440     7761.318     8308.556
  3  JC+G4         3746.726     118 7729.452     7761.330     8308.567
  4  JC+I+G4       3749.426     119 7736.853     7769.307     8320.875
  5  JC+R2         3747.069     119 7732.138     7764.592     8316.161
  6  JC+R3         3746.953     121 7735.907     7769.533     8329.745
 14  F81+F         3745.697     120 7731.393     7764.431     8320.324
 15  F81+F+I       3745.697     121 7733.393     7767.020     8327.232
 16  F81+F+G4      3745.703     121 7733.405     7767.032     8327.244
 17  F81+F+I+G4    3748.336     122 7740.673     7774.894     8339.419
 18  F81+F+R2      3745.986     122 7735.971     7770.193     8334.718
 19  F81+F+R3      3745.881     124 7739.762     7775.191     8348.324
 27  K2P           3746.387     118 7728.775     7760.652     8307.890
 28  K2P+I         3746.387     119 7730.775     7763.229     8314.797
 29  K2P+G4        3746.393     119 7730.786     7763.241     8314.809
 30  K2P+I+G4      3748.899     120 7737.798     7770.835     8326.728
 31  K2P+R2        3746.617     120 7733.233     7766.271     8322.164
 32  K2P+R3        3746.525     122 7737.049     7771.270     8335.795
 40  HKY+F         3745.431     121 7732.862     7766.488     8326.700
 41  HKY+F+I       3745.431     122 7734.862     7769.083     8333.608
 42  HKY+F+G4      3745.437     122 7734.874     7769.095     8333.620
 43  HKY+F+I+G4    3747.897     123 7741.794     7776.616     8345.448
 44  HKY+F+R2      3745.617     123 7737.235     7772.057     8340.889
 45  HKY+F+R3      3745.536     125 7741.071     7777.112     8354.541
 53  TNe           3745.687     119 7729.374     7761.829     8313.397
 54  TNe+I         3745.687     120 7731.374     7764.412     8320.305
 55  TNe+G4        3745.693     120 7731.386     7764.424     8320.317
 56  TNe+I+G4      3748.094     121 7738.188     7771.815     8332.027
 57  TNe+R2        3745.839     121 7733.677     7767.303     8327.515
 58  TNe+R3        3745.766     123 7737.533     7772.355     8341.187
 66  TN+F          3743.652     122 7731.303     7765.525     8330.050
 67  TN+F+I        3743.652     123 7733.303     7768.125     8336.957
 68  TN+F+G4       3743.658     123 7733.315     7768.137     8336.969
 69  TN+F+I+G4     3746.014     124 7740.028     7775.456     8348.589
 70  TN+F+R2       3743.774     124 7735.547     7770.976     8344.109
 71  TN+F+R3       3743.711     126 7739.422     7776.082     8357.799
 79  K3P           3746.299     119 7730.598     7763.053     8314.621
 80  K3P+I         3746.299     120 7732.598     7765.636     8321.529
 81  K3P+G4        3746.305     120 7732.610     7765.648     8321.541
 82  K3P+I+G4      3748.509     121 7739.018     7772.645     8332.857
 83  K3P+R2        3746.398     121 7734.797     7768.423     8328.635
 84  K3P+R3        3746.344     123 7738.688     7773.510     8342.342
 92  K3Pu+F        3745.343     122 7734.687     7768.908     8333.433
 93  K3Pu+F+I      3745.343     123 7736.686     7771.508     8340.340
 94  K3Pu+F+G4     3745.349     123 7736.698     7771.520     8340.352
 95  K3Pu+F+I+G4   3747.520     124 7743.040     7778.468     8351.601
 96  K3Pu+F+R2     3745.425     124 7738.849     7774.278     8347.411
 97  K3Pu+F+R3     3745.377     126 7742.754     7779.413     8361.131
105  TPM2+F        3745.352     122 7734.704     7768.926     8333.450
106  TPM2+F+I      3745.352     123 7736.703     7771.525     8340.357
107  TPM2+F+G4     3745.357     123 7736.715     7771.537     8340.369
108  TPM2+F+I+G4   3747.449     124 7742.898     7778.326     8351.459
109  TPM2+F+R2     3745.418     124 7738.835     7774.264     8347.397
110  TPM2+F+R3     3745.377     126 7742.754     7779.413     8361.131
118  TPM2u+F       3745.352     122 7734.703     7768.925     8333.450
119  TPM2u+F+I     3745.352     123 7736.703     7771.525     8340.357
120  TPM2u+F+G4    3745.358     123 7736.715     7771.537     8340.369
121  TPM2u+F+I+G4  3747.390     124 7742.779     7778.208     8351.341
122  TPM2u+F+R2    3745.406     124 7738.812     7774.240     8347.373
123  TPM2u+F+R3    3745.371     126 7742.741     7779.401     8361.118
131  TPM3+F        3745.352     122 7734.704     7768.925     8333.450
132  TPM3+F+I      3745.352     123 7736.704     7771.526     8340.358
133  TPM3+F+G4     3745.358     123 7736.716     7771.538     8340.370
134  TPM3+F+I+G4   3747.358     124 7742.715     7778.144     8351.277
135  TPM3+F+R2     3745.397     124 7738.794     7774.222     8347.355
136  TPM3+F+R3     3745.366     126 7742.732     7779.392     8361.110
144  TPM3u+F       3745.352     122 7734.704     7768.926     8333.450
145  TPM3u+F+I     3745.352     123 7736.704     7771.526     8340.358
146  TPM3u+F+G4    3745.358     123 7736.716     7771.538     8340.370
147  TPM3u+F+I+G4  3747.303     124 7742.606     7778.034     8351.168
148  TPM3u+F+R2    3745.389     124 7738.778     7774.206     8347.339
149  TPM3u+F+R3    3745.363     126 7742.725     7779.385     8361.103
157  TIMe          3745.600     120 7731.199     7764.237     8320.130
158  TIMe+I        3745.600     121 7733.199     7766.826     8327.038
159  TIMe+G4       3745.606     121 7733.211     7766.838     8327.050
160  TIMe+I+G4     3747.506     122 7739.012     7773.233     8337.758
161  TIMe+R2       3745.630     122 7735.259     7769.480     8334.005
162  TIMe+R3       3745.607     124 7739.215     7774.643     8347.777
170  TIM+F         3743.564     123 7733.129     7767.951     8336.783
171  TIM+F+I       3743.564     124 7735.129     7770.557     8343.690
172  TIM+F+G4      3743.570     124 7735.141     7770.569     8343.702
173  TIM+F+I+G4    3745.445     125 7740.889     7776.931     8354.359
174  TIM+F+R2      3743.589     125 7737.177     7773.218     8350.647
175  TIM+F+R3      3743.570     127 7741.140     7778.424     8364.425
183  TIM2e         3745.605     120 7731.211     7764.248     8320.141
184  TIM2e+I       3745.605     121 7733.210     7766.836     8327.048
185  TIM2e+G4      3745.611     121 7733.221     7766.848     8327.060
186  TIM2e+I+G4    3747.395     122 7738.791     7773.012     8337.537
187  TIM2e+R2      3745.624     122 7735.249     7769.470     8333.995
188  TIM2e+R3      3745.609     124 7739.217     7774.646     8347.779
196  TIM2+F        3743.573     123 7733.147     7767.968     8336.800
197  TIM2+F+I      3743.573     124 7735.147     7770.575     8343.708
198  TIM2+F+G4     3743.579     124 7735.158     7770.587     8343.720
199  TIM2+F+I+G4   3745.344     125 7740.688     7776.730     8354.158
200  TIM2+F+R2     3743.589     125 7737.178     7773.220     8350.648
201  TIM2+F+R3     3743.576     127 7741.153     7778.437     8364.438
209  TIM3e         3745.655     120 7731.310     7764.347     8320.240
210  TIM3e+I       3745.655     121 7733.310     7766.936     8327.148
211  TIM3e+G4      3745.661     121 7733.322     7766.948     8327.160
212  TIM3e+I+G4    3747.377     122 7738.754     7772.975     8337.500
213  TIM3e+R2      3745.668     122 7735.336     7769.557     8334.082
214  TIM3e+R3      3745.657     124 7739.314     7774.743     8347.876
222  TIM3+F        3743.574     123 7733.147     7767.969     8336.801
223  TIM3+F+I      3743.574     124 7735.147     7770.576     8343.709
224  TIM3+F+G4     3743.580     124 7735.159     7770.588     8343.721
225  TIM3+F+I+G4   3745.278     125 7740.556     7776.597     8354.026
226  TIM3+F+R2     3743.584     125 7737.168     7773.210     8350.638
227  TIM3+F+R3     3743.575     127 7741.150     7778.435     8364.435
235  TVMe          3746.181     121 7734.362     7767.988     8328.200
236  TVMe+I        3746.181     122 7736.361     7770.583     8335.108
237  TVMe+G4       3746.187     122 7736.373     7770.594     8335.119
238  TVMe+I+G4     3747.764     123 7741.527     7776.349     8345.181
239  TVMe+R2       3746.189     123 7738.378     7773.200     8342.032
240  TVMe+R3       3746.182     125 7742.364     7778.405     8355.833
248  TVM+F         3745.186     124 7738.371     7773.800     8346.933
249  TVM+F+I       3745.184     125 7740.368     7776.410     8353.838
250  TVM+F+G4      3745.189     125 7740.379     7776.420     8353.848
251  TVM+F+I+G4    3746.757     126 7745.514     7782.174     8363.891
252  TVM+F+R2      3745.190     126 7742.380     7779.039     8360.757
253  TVM+F+R3      3745.183     128 7746.367     7784.282     8374.560
261  SYM           3745.480     122 7734.961     7769.182     8333.707
262  SYM+I         3745.480     123 7736.961     7771.783     8340.615
263  SYM+G4        3745.486     123 7736.973     7771.795     8340.627
264  SYM+I+G4      3747.029     124 7742.058     7777.487     8350.620
265  SYM+R2        3745.486     124 7738.972     7774.401     8347.534
266  SYM+R3        3745.481     126 7742.962     7779.622     8361.339
274  GTR+F         3743.405     125 7736.809     7772.850     8350.279
275  GTR+F+I       3743.404     126 7738.808     7775.468     8357.185
276  GTR+F+G4      3743.409     126 7738.818     7775.478     8357.196
277  GTR+F+I+G4    3744.941     127 7743.882     7781.166     8367.167
278  GTR+F+R2      3743.408     127 7740.816     7778.100     8364.100
279  GTR+F+R3      3743.404     129 7744.808     7783.359     8377.908
Akaike Information Criterion:           JC
Corrected Akaike Information Criterion: JC
Bayesian Information Criterion:         JC
Best-fit model: JC chosen according to BIC

All model information printed to .temp.fasta.model.gz
CPU time for ModelFinder: 0.025 seconds (0h:0m:0s)
Wall-clock time for ModelFinder: 0.028 seconds (0h:0m:0s)

NOTE: 0 MB RAM (0 GB) is required!
Estimate model parameters (epsilon = 0.100)
1. Initial log-likelihood: -3169.115
Optimal log-likelihood: -2962.471
Rate parameters:  A-C: 1.00000  A-G: 1.00000  A-T: 1.00000  C-G: 1.00000  C-T: 1.00000  G-T: 1.00000
Base frequencies:  A: 0.250  C: 0.250  G: 0.250  T: 0.250
Parameters optimization took 1 rounds (0.004 sec)
Computing ML distances based on estimated model parameters... 0.005 sec
Computing BIONJ tree...
0.001 seconds
Log-likelihood of BIONJ tree: -2869.547
--------------------------------------------------------------------
|             INITIALIZING CANDIDATE TREE SET                      |
--------------------------------------------------------------------
Generating 98 parsimony trees... 0.123 second
Computing log-likelihood of 98 initial trees ... 0.181 seconds
Current best score: -2869.547

Do NNI search on 20 best initial trees
Estimate model parameters (epsilon = 0.100)
BETTER TREE FOUND at iteration 1: -2869.547
Iteration 10 / LogL: -2869.570 / Time: 0h:0m:0s
Iteration 20 / LogL: -2869.570 / Time: 0h:0m:0s
Finish initializing candidate tree set (20)
Current best tree score: -2869.547 / CPU time: 0.402
Number of iterations: 20
--------------------------------------------------------------------
|               OPTIMIZING CANDIDATE TREE SET                      |
--------------------------------------------------------------------
Iteration 30 / LogL: -2869.548 / Time: 0h:0m:0s (0h:0m:1s left)
Iteration 40 / LogL: -2869.552 / Time: 0h:0m:0s (0h:0m:1s left)
BETTER TREE FOUND at iteration 44: -2869.547
BETTER TREE FOUND at iteration 50: -2869.546
Iteration 50 / LogL: -2869.546 / Time: 0h:0m:0s (0h:0m:1s left)
BETTER TREE FOUND at iteration 58: -2869.546
Iteration 60 / LogL: -2869.549 / Time: 0h:0m:1s (0h:0m:1s left)
BETTER TREE FOUND at iteration 69: -2869.546
Iteration 70 / LogL: -2869.549 / Time: 0h:0m:1s (0h:0m:1s left)
Iteration 80 / LogL: -2869.548 / Time: 0h:0m:1s (0h:0m:1s left)
BETTER TREE FOUND at iteration 85: -2869.546
Iteration 90 / LogL: -2869.548 / Time: 0h:0m:1s (0h:0m:1s left)
Iteration 100 / LogL: -2875.261 / Time: 0h:0m:1s (0h:0m:1s left)
BETTER TREE FOUND at iteration 108: -2869.545
BETTER TREE FOUND at iteration 110: -2869.545
Iteration 110 / LogL: -2869.545 / Time: 0h:0m:1s (0h:0m:1s left)
BETTER TREE FOUND at iteration 114: -2869.545
Iteration 120 / LogL: -2931.789 / Time: 0h:0m:2s (0h:0m:1s left)
BETTER TREE FOUND at iteration 125: -2869.545
Iteration 130 / LogL: -2869.549 / Time: 0h:0m:2s (0h:0m:1s left)
Iteration 140 / LogL: -2904.207 / Time: 0h:0m:2s (0h:0m:1s left)
Iteration 150 / LogL: -2869.550 / Time: 0h:0m:2s (0h:0m:1s left)
Iteration 160 / LogL: -2869.547 / Time: 0h:0m:2s (0h:0m:1s left)
Iteration 170 / LogL: -2869.550 / Time: 0h:0m:2s (0h:0m:0s left)
Iteration 180 / LogL: -2869.548 / Time: 0h:0m:2s (0h:0m:0s left)
BETTER TREE FOUND at iteration 187: -2869.544
Iteration 190 / LogL: -2869.549 / Time: 0h:0m:3s (0h:0m:1s left)
Iteration 200 / LogL: -2869.549 / Time: 0h:0m:3s (0h:0m:1s left)
Iteration 210 / LogL: -2873.149 / Time: 0h:0m:3s (0h:0m:1s left)
Iteration 220 / LogL: -2869.546 / Time: 0h:0m:3s (0h:0m:1s left)
Iteration 230 / LogL: -2869.546 / Time: 0h:0m:3s (0h:0m:0s left)
Iteration 240 / LogL: -2869.551 / Time: 0h:0m:3s (0h:0m:0s left)
Iteration 250 / LogL: -2869.547 / Time: 0h:0m:4s (0h:0m:0s left)
Iteration 260 / LogL: -2869.549 / Time: 0h:0m:4s (0h:0m:0s left)
Iteration 270 / LogL: -2869.546 / Time: 0h:0m:4s (0h:0m:0s left)
BETTER TREE FOUND at iteration 273: -2869.544
Iteration 280 / LogL: -2869.545 / Time: 0h:0m:4s (0h:0m:1s left)
Iteration 290 / LogL: -2873.152 / Time: 0h:0m:4s (0h:0m:1s left)
Iteration 300 / LogL: -2869.546 / Time: 0h:0m:4s (0h:0m:1s left)
Iteration 310 / LogL: -2869.545 / Time: 0h:0m:5s (0h:0m:1s left)
BETTER TREE FOUND at iteration 313: -2869.544
Iteration 320 / LogL: -2869.548 / Time: 0h:0m:5s (0h:0m:1s left)
Iteration 330 / LogL: -2885.279 / Time: 0h:0m:5s (0h:0m:1s left)
Iteration 340 / LogL: -2869.552 / Time: 0h:0m:5s (0h:0m:1s left)
Iteration 350 / LogL: -2869.547 / Time: 0h:0m:5s (0h:0m:1s left)
BETTER TREE FOUND at iteration 354: -2869.544
BETTER TREE FOUND at iteration 358: -2869.544
Iteration 360 / LogL: -2869.548 / Time: 0h:0m:5s (0h:0m:1s left)
Iteration 370 / LogL: -2869.548 / Time: 0h:0m:6s (0h:0m:1s left)
Iteration 380 / LogL: -2869.546 / Time: 0h:0m:6s (0h:0m:1s left)
Iteration 390 / LogL: -2869.547 / Time: 0h:0m:6s (0h:0m:1s left)
BETTER TREE FOUND at iteration 396: -2869.543
Iteration 400 / LogL: -2869.548 / Time: 0h:0m:6s (0h:0m:1s left)
Iteration 410 / LogL: -2915.921 / Time: 0h:0m:6s (0h:0m:1s left)
Iteration 420 / LogL: -2869.548 / Time: 0h:0m:6s (0h:0m:1s left)
Iteration 430 / LogL: -2869.544 / Time: 0h:0m:7s (0h:0m:1s left)
Iteration 440 / LogL: -2873.435 / Time: 0h:0m:7s (0h:0m:0s left)
Iteration 450 / LogL: -2869.545 / Time: 0h:0m:7s (0h:0m:0s left)
Iteration 460 / LogL: -2873.151 / Time: 0h:0m:7s (0h:0m:0s left)
Iteration 470 / LogL: -2869.544 / Time: 0h:0m:7s (0h:0m:0s left)
Iteration 480 / LogL: -2869.548 / Time: 0h:0m:7s (0h:0m:0s left)
Iteration 490 / LogL: -2869.546 / Time: 0h:0m:7s (0h:0m:0s left)
TREE SEARCH COMPLETED AFTER 497 ITERATIONS / Time: 0h:0m:8s

--------------------------------------------------------------------
|                    FINALIZING TREE SEARCH                        |
--------------------------------------------------------------------
Performs final model parameters optimization
Estimate model parameters (epsilon = 0.010)
1. Initial log-likelihood: -2869.543
Optimal log-likelihood: -2869.543
Rate parameters:  A-C: 1.00000  A-G: 1.00000  A-T: 1.00000  C-G: 1.00000  C-T: 1.00000  G-T: 1.00000
Base frequencies:  A: 0.250  C: 0.250  G: 0.250  T: 0.250
Parameters optimization took 1 rounds (0.001 sec)
BEST SCORE FOUND : -2869.543
Total tree length: 0.187

Total number of iterations: 497
CPU time used for tree search: 7.916 sec (0h:0m:7s)
Wall-clock time used for tree search: 8.063 sec (0h:0m:8s)
Total CPU time used: 7.940 sec (0h:0m:7s)
Total wall-clock time used: 8.091 sec (0h:0m:8s)

Analysis results written to: 
  IQ-TREE report:                .temp.fasta.iqtree
  Maximum-likelihood tree:       .temp.fasta.treefile
  Likelihood distances:          .temp.fasta.mldist
  Screen log file:               .temp.fasta.log

Date and Time: Wed Dec 15 16:54:17 2021
